2026-01-17T14:04:50.0214685Z     __ __          __      __    _ __     
2026-01-17T14:04:50.0531299Z    / //_/_  _ ____/ /_  __/ /   (_) /____ 
2026-01-17T14:04:50.0531484Z   / ,< / / / / __  / / / / /   / / __/ _  
2026-01-17T14:04:50.0531507Z  / /| / /_/ / /_/ / /_/ / /___/ / /_/  __/
2026-01-17T14:04:50.0531526Z /_/ |_\__,_/\__,_/\__,_/_____/_/\__/\___/ 
2026-01-17T14:04:50.0531545Z 
2026-01-17T14:04:50.0531591Z                                           
2026-01-17T14:04:50.0531612Z DEBUG CONSOLE | AZURE APP SERVICE ON LINUX
2026-01-17T14:04:50.0531663Z 
2026-01-17T14:04:50.0531684Z Documentation: http://aka.ms/webapp-linux
2026-01-17T14:04:50.0531704Z Kudu Version : 20251023.4
2026-01-17T14:04:50.0531725Z Commit       : a44ac6b61760b3c2e5996d5e6ddb2a908ab5733e
2026-01-17T14:04:50.0532320Z Instance Name: lw1sdlwk0003M2
2026-01-17T14:04:50.0532377Z Instance Id  : c38d24fc71835a4381b70cf88d3a3a31350c58e4caa72063abf82ef0ba9df09a
2026-01-17T14:04:50.0532397Z 
2026-01-17T14:04:51.1009221Z chown: changing ownership of '/temp': Operation not permitted
2026-01-17T14:04:51.1035837Z chmod: changing permissions of '/temp': Operation not permitted
2026-01-17T14:04:53.4134392Z Restarting OpenBSD Secure Shell server: sshd.
2026-01-17T14:04:53.5242213Z node not running, starting node /opt/webssh/index.js
2026-01-17T14:05:00.7600554Z Sat Jan 17 14:05:00 UTC 2026 running .net core
2026-01-17T14:05:03.5550270Z Startup : 02.05.03.416728
2026-01-17T14:05:03.7380312Z Configure Services : 02.05.03.737484
2026-01-17T14:05:04.4396466Z Configure : 02.05.04.432116
2026-01-17T14:05:05.0549826Z Setting Up Routes : 02.05.05.054827
2026-01-17T14:05:05.2961415Z Exiting Configure : 02.05.05.296027
2026-01-17T14:05:05.6481308Z Hosting environment: Production
2026-01-17T14:05:05.6481769Z Content root path: /opt/Kudu
2026-01-17T14:05:05.6491635Z Now listening on: http://0.0.0.0:8181
2026-01-17T14:05:05.6510020Z Application started. Press Ctrl+C to shut down.
2026-01-17T14:05:37.5633133Z     __ __          __      __    _ __     
2026-01-17T14:05:37.5651215Z    / //_/_  _ ____/ /_  __/ /   (_) /____ 
2026-01-17T14:05:37.5720399Z   / ,< / / / / __  / / / / /   / / __/ _  
2026-01-17T14:05:37.5722394Z  / /| / /_/ / /_/ / /_/ / /___/ / /_/  __/
2026-01-17T14:05:37.5723384Z /_/ |_\__,_/\__,_/\__,_/_____/_/\__/\___/ 
2026-01-17T14:05:37.5724208Z 
2026-01-17T14:05:37.5725462Z                                           
2026-01-17T14:05:37.5726301Z DEBUG CONSOLE | AZURE APP SERVICE ON LINUX
2026-01-17T14:05:37.5727124Z 
2026-01-17T14:05:37.5732033Z Documentation: http://aka.ms/webapp-linux
2026-01-17T14:05:37.5735874Z Kudu Version : 20251023.4
2026-01-17T14:05:37.5745944Z Commit       : a44ac6b61760b3c2e5996d5e6ddb2a908ab5733e
2026-01-17T14:05:37.5938467Z Instance Name: lw1sdlwk0003M2
2026-01-17T14:05:37.5938540Z Instance Id  : c38d24fc71835a4381b70cf88d3a3a31350c58e4caa72063abf82ef0ba9df09a
2026-01-17T14:05:37.5938560Z 
2026-01-17T14:06:27.8390395Z     __ __          __      __    _ __     
2026-01-17T14:06:27.8391767Z    / //_/_  _ ____/ /_  __/ /   (_) /____ 
2026-01-17T14:06:27.8391807Z   / ,< / / / / __  / / / / /   / / __/ _  
2026-01-17T14:06:27.8391830Z  / /| / /_/ / /_/ / /_/ / /___/ / /_/  __/
2026-01-17T14:06:27.8391851Z /_/ |_\__,_/\__,_/\__,_/_____/_/\__/\___/ 
2026-01-17T14:06:27.8391874Z 
2026-01-17T14:06:27.8391944Z                                           
2026-01-17T14:06:27.8391966Z DEBUG CONSOLE | AZURE APP SERVICE ON LINUX
2026-01-17T14:06:27.8391982Z 
2026-01-17T14:06:27.8392002Z Documentation: http://aka.ms/webapp-linux
2026-01-17T14:06:27.8392021Z Kudu Version : 20251023.4
2026-01-17T14:06:27.8392042Z Commit       : a44ac6b61760b3c2e5996d5e6ddb2a908ab5733e
2026-01-17T14:06:27.8392061Z Instance Name: lw1sdlwk0003M2
2026-01-17T14:06:27.8392084Z Instance Id  : c38d24fc71835a4381b70cf88d3a3a31350c58e4caa72063abf82ef0ba9df09a
2026-01-17T14:06:27.8392118Z 
2026-01-17T14:06:28.6969818Z chown: changing ownership of '/temp': Operation not permitted
2026-01-17T14:06:28.7249832Z chmod: changing permissions of '/temp': Operation not permitted
2026-01-17T14:06:31.5359687Z Restarting OpenBSD Secure Shell server: sshd.
2026-01-17T14:06:31.7751900Z node not running, starting node /opt/webssh/index.js
2026-01-17T14:06:38.0851585Z Sat Jan 17 14:06:38 UTC 2026 running .net core
2026-01-17T14:06:40.0251617Z Startup : 02.06.39.996460
2026-01-17T14:06:40.0629468Z Configure Services : 02.06.40.062775
2026-01-17T14:06:40.6369129Z Configure : 02.06.40.629935
2026-01-17T14:06:41.2858777Z Setting Up Routes : 02.06.41.285726
2026-01-17T14:06:41.6193560Z Exiting Configure : 02.06.41.619103
2026-01-17T14:06:41.8704616Z Hosting environment: Production
2026-01-17T14:06:41.8716795Z Content root path: /opt/Kudu
2026-01-17T14:06:41.8716954Z Now listening on: http://0.0.0.0:8181
2026-01-17T14:06:41.8716981Z Application started. Press Ctrl+C to shut down.
